This file contains any messages produced by compilers while
running configure, to aid debugging if configure makes a mistake.

It was created by SoftHSM configure 2.6.1, which was
generated by GNU Autoconf 2.69.  Invocation command line was

  $ ./configure 

## --------- ##
## Platform. ##
## --------- ##

hostname = 70b6f34ea5c6
uname -m = x86_64
uname -r = 5.4.0-48-generic
uname -s = Linux
uname -v = #52-Ubuntu SMP Thu Sep 10 10:58:49 UTC 2020

/usr/bin/uname -p = unknown
/bin/uname -X     = unknown

/bin/arch              = x86_64
/usr/bin/arch -k       = unknown
/usr/convex/getsysinfo = unknown
/usr/bin/hostinfo      = unknown
/bin/machine           = unknown
/usr/bin/oslevel       = unknown
/bin/universe          = unknown

PATH: /usr/local/sbin
PATH: /usr/local/bin
PATH: /usr/sbin
PATH: /usr/bin
PATH: /sbin
PATH: /bin


## ----------- ##
## Core tests. ##
## ----------- ##

configure:2542: checking for a BSD-compatible install
configure:2610: result: /usr/bin/install -c
configure:2621: checking whether build environment is sane
configure:2676: result: yes
configure:2827: checking for a thread-safe mkdir -p
configure:2866: result: ./install-sh -c -d
configure:2873: checking for gawk
configure:2903: result: no
configure:2873: checking for mawk
configure:2903: result: no
configure:2873: checking for nawk
configure:2903: result: no
configure:2873: checking for awk
configure:2889: found /usr/bin/awk
configure:2900: result: awk
configure:2911: checking whether make sets $(MAKE)
configure:2933: result: yes
configure:2962: checking whether make supports nested variables
configure:2979: result: yes
configure:3112: sysconfdir set to /etc
configure:3120: localstate set to /var
configure:3181: checking for gcc
configure:3197: found /usr/bin/gcc
configure:3208: result: gcc
configure:3437: checking for C compiler version
configure:3446: gcc --version >&5
gcc (Alpine 9.3.0) 9.3.0
Copyright (C) 2019 Free Software Foundation, Inc.
This is free software; see the source for copying conditions.  There is NO
warranty; not even for MERCHANTABILITY or FITNESS FOR A PARTICULAR PURPOSE.

configure:3457: $? = 0
configure:3446: gcc -v >&5
Using built-in specs.
COLLECT_GCC=gcc
COLLECT_LTO_WRAPPER=/usr/libexec/gcc/x86_64-alpine-linux-musl/9.3.0/lto-wrapper
Target: x86_64-alpine-linux-musl
Configured with: /home/buildozer/aports/main/gcc/src/gcc-9.3.0/configure --prefix=/usr --mandir=/usr/share/man --infodir=/usr/share/info --build=x86_64-alpine-linux-musl --host=x86_64-alpine-linux-musl --target=x86_64-alpine-linux-musl --with-pkgversion='Alpine 9.3.0' --enable-checking=release --disable-fixed-point --disable-libstdcxx-pch --disable-multilib --disable-nls --disable-werror --disable-symvers --enable-__cxa_atexit --enable-default-pie --enable-default-ssp --enable-cloog-backend --enable-languages=c,c++,d,objc,fortran,ada --disable-libssp --disable-libmpx --disable-libmudflap --disable-libsanitizer --enable-shared --enable-threads --enable-tls --with-system-zlib --with-linker-hash-style=gnu
Thread model: posix
gcc version 9.3.0 (Alpine 9.3.0) 
configure:3457: $? = 0
configure:3446: gcc -V >&5
gcc: error: unrecognized command line option '-V'
gcc: fatal error: no input files
compilation terminated.
configure:3457: $? = 1
configure:3446: gcc -qversion >&5
gcc: error: unrecognized command line option '-qversion'; did you mean '--version'?
gcc: fatal error: no input files
compilation terminated.
configure:3457: $? = 1
configure:3477: checking whether the C compiler works
configure:3499: gcc    conftest.c  >&5
configure:3503: $? = 0
configure:3551: result: yes
configure:3554: checking for C compiler default output file name
configure:3556: result: a.out
configure:3562: checking for suffix of executables
configure:3569: gcc -o conftest    conftest.c  >&5
configure:3573: $? = 0
configure:3595: result: 
configure:3617: checking whether we are cross compiling
configure:3625: gcc -o conftest    conftest.c  >&5
configure:3629: $? = 0
configure:3636: ./conftest
configure:3640: $? = 0
configure:3655: result: no
configure:3660: checking for suffix of object files
configure:3682: gcc -c   conftest.c >&5
configure:3686: $? = 0
configure:3707: result: o
configure:3711: checking whether we are using the GNU C compiler
configure:3730: gcc -c   conftest.c >&5
configure:3730: $? = 0
configure:3739: result: yes
configure:3748: checking whether gcc accepts -g
configure:3768: gcc -c -g  conftest.c >&5
configure:3768: $? = 0
configure:3809: result: yes
configure:3826: checking for gcc option to accept ISO C89
configure:3889: gcc  -c -g -O2  conftest.c >&5
configure:3889: $? = 0
configure:3902: result: none needed
configure:3927: checking whether gcc understands -c and -o together
configure:3949: gcc -c conftest.c -o conftest2.o
configure:3952: $? = 0
configure:3949: gcc -c conftest.c -o conftest2.o
configure:3952: $? = 0
configure:3964: result: yes
configure:3984: checking whether make supports the include directive
configure:3999: make -f confmf.GNU && cat confinc.out
this is the am__doit target
configure:4002: $? = 0
configure:4021: result: yes (GNU style)
configure:4046: checking dependency style of gcc
configure:4157: result: gcc3
configure:4230: checking for g++
configure:4246: found /usr/bin/g++
configure:4257: result: g++
configure:4284: checking for C++ compiler version
configure:4293: g++ --version >&5
g++ (Alpine 9.3.0) 9.3.0
Copyright (C) 2019 Free Software Foundation, Inc.
This is free software; see the source for copying conditions.  There is NO
warranty; not even for MERCHANTABILITY or FITNESS FOR A PARTICULAR PURPOSE.

configure:4304: $? = 0
configure:4293: g++ -v >&5
Using built-in specs.
COLLECT_GCC=g++
COLLECT_LTO_WRAPPER=/usr/libexec/gcc/x86_64-alpine-linux-musl/9.3.0/lto-wrapper
Target: x86_64-alpine-linux-musl
Configured with: /home/buildozer/aports/main/gcc/src/gcc-9.3.0/configure --prefix=/usr --mandir=/usr/share/man --infodir=/usr/share/info --build=x86_64-alpine-linux-musl --host=x86_64-alpine-linux-musl --target=x86_64-alpine-linux-musl --with-pkgversion='Alpine 9.3.0' --enable-checking=release --disable-fixed-point --disable-libstdcxx-pch --disable-multilib --disable-nls --disable-werror --disable-symvers --enable-__cxa_atexit --enable-default-pie --enable-default-ssp --enable-cloog-backend --enable-languages=c,c++,d,objc,fortran,ada --disable-libssp --disable-libmpx --disable-libmudflap --disable-libsanitizer --enable-shared --enable-threads --enable-tls --with-system-zlib --with-linker-hash-style=gnu
Thread model: posix
gcc version 9.3.0 (Alpine 9.3.0) 
configure:4304: $? = 0
configure:4293: g++ -V >&5
g++: error: unrecognized command line option '-V'
g++: fatal error: no input files
compilation terminated.
configure:4304: $? = 1
configure:4293: g++ -qversion >&5
g++: error: unrecognized command line option '-qversion'; did you mean '--version'?
g++: fatal error: no input files
compilation terminated.
configure:4304: $? = 1
configure:4308: checking whether we are using the GNU C++ compiler
configure:4327: g++ -c   conftest.cpp >&5
configure:4327: $? = 0
configure:4336: result: yes
configure:4345: checking whether g++ accepts -g
configure:4365: g++ -c -g  conftest.cpp >&5
configure:4365: $? = 0
configure:4406: result: yes
configure:4431: checking dependency style of g++
configure:4542: result: gcc3
configure:4611: checking for pkg-config
configure:4629: found /usr/bin/pkg-config
configure:4641: result: /usr/bin/pkg-config
configure:4666: checking pkg-config is at least version 0.9.0
configure:4669: result: yes
configure:4819: checking whether g++ supports C++11 features by default
configure:4857: g++ -c -g -O2 -Wall -Wextra  conftest.cpp >&5
configure:4857: $? = 0
configure:4864: result: yes
configure:4961: checking for dlopen
configure:4961: gcc -o conftest -g -O2 -pedantic -Wall -Wextra   conftest.c  >&5
configure:4961: $? = 0
configure:4961: result: yes
configure:5037: checking how to run the C preprocessor
configure:5068: gcc -E  conftest.c
configure:5068: $? = 0
configure:5082: gcc -E  conftest.c
conftest.c:13:10: fatal error: ac_nonexistent.h: No such file or directory
   13 | #include <ac_nonexistent.h>
      |          ^~~~~~~~~~~~~~~~~~
compilation terminated.
configure:5082: $? = 1
configure: failed program was:
| /* confdefs.h */
| #define PACKAGE_NAME "SoftHSM"
| #define PACKAGE_TARNAME "softhsm"
| #define PACKAGE_VERSION "2.6.1"
| #define PACKAGE_STRING "SoftHSM 2.6.1"
| #define PACKAGE_BUGREPORT ""
| #define PACKAGE_URL ""
| #define PACKAGE "softhsm"
| #define VERSION "2.6.1"
| #define HAVE_CXX11 1
| #define HAVE_DLOPEN 1
| /* end confdefs.h.  */
| #include <ac_nonexistent.h>
configure:5107: result: gcc -E
configure:5127: gcc -E  conftest.c
configure:5127: $? = 0
configure:5141: gcc -E  conftest.c
conftest.c:13:10: fatal error: ac_nonexistent.h: No such file or directory
   13 | #include <ac_nonexistent.h>
      |          ^~~~~~~~~~~~~~~~~~
compilation terminated.
configure:5141: $? = 1
configure: failed program was:
| /* confdefs.h */
| #define PACKAGE_NAME "SoftHSM"
| #define PACKAGE_TARNAME "softhsm"
| #define PACKAGE_VERSION "2.6.1"
| #define PACKAGE_STRING "SoftHSM 2.6.1"
| #define PACKAGE_BUGREPORT ""
| #define PACKAGE_URL ""
| #define PACKAGE "softhsm"
| #define VERSION "2.6.1"
| #define HAVE_CXX11 1
| #define HAVE_DLOPEN 1
| /* end confdefs.h.  */
| #include <ac_nonexistent.h>
configure:5170: checking for grep that handles long lines and -e
configure:5228: result: /bin/grep
configure:5233: checking for egrep
configure:5295: result: /bin/grep -E
configure:5300: checking for ANSI C header files
configure:5320: gcc -c -g -O2 -pedantic -Wall -Wextra  conftest.c >&5
configure:5320: $? = 0
configure:5393: gcc -o conftest -g -O2 -pedantic -Wall -Wextra   conftest.c  >&5
configure:5393: $? = 0
configure:5393: ./conftest
configure:5393: $? = 0
configure:5404: result: yes
configure:5417: checking for sys/types.h
configure:5417: gcc -c -g -O2 -pedantic -Wall -Wextra  conftest.c >&5
configure:5417: $? = 0
configure:5417: result: yes
configure:5417: checking for sys/stat.h
configure:5417: gcc -c -g -O2 -pedantic -Wall -Wextra  conftest.c >&5
configure:5417: $? = 0
configure:5417: result: yes
configure:5417: checking for stdlib.h
configure:5417: gcc -c -g -O2 -pedantic -Wall -Wextra  conftest.c >&5
configure:5417: $? = 0
configure:5417: result: yes
configure:5417: checking for string.h
configure:5417: gcc -c -g -O2 -pedantic -Wall -Wextra  conftest.c >&5
configure:5417: $? = 0
configure:5417: result: yes
configure:5417: checking for memory.h
configure:5417: gcc -c -g -O2 -pedantic -Wall -Wextra  conftest.c >&5
configure:5417: $? = 0
configure:5417: result: yes
configure:5417: checking for strings.h
configure:5417: gcc -c -g -O2 -pedantic -Wall -Wextra  conftest.c >&5
configure:5417: $? = 0
configure:5417: result: yes
configure:5417: checking for inttypes.h
configure:5417: gcc -c -g -O2 -pedantic -Wall -Wextra  conftest.c >&5
configure:5417: $? = 0
configure:5417: result: yes
configure:5417: checking for stdint.h
configure:5417: gcc -c -g -O2 -pedantic -Wall -Wextra  conftest.c >&5
configure:5417: $? = 0
configure:5417: result: yes
configure:5417: checking for unistd.h
configure:5417: gcc -c -g -O2 -pedantic -Wall -Wextra  conftest.c >&5
configure:5417: $? = 0
configure:5417: result: yes
configure:5431: checking pthread.h usability
configure:5431: gcc -c -g -O2 -pedantic -Wall -Wextra  conftest.c >&5
configure:5431: $? = 0
configure:5431: result: yes
configure:5431: checking pthread.h presence
configure:5431: gcc -E  conftest.c
configure:5431: $? = 0
configure:5431: result: yes
configure:5431: checking for pthread.h
configure:5431: result: yes
configure:5486: checking for FIPS 140-2 mode
configure:5497: result: no
configure:5513: checking for crypto backend
configure:5517: result: OpenSSL
configure:5697: checking what are the OpenSSL includes
configure:5699: result: 
configure:5702: checking what are the OpenSSL libs
configure:5705: result:  -lcrypto
configure:5716: checking openssl/ssl.h usability
configure:5716: gcc -c -g -O2 -pedantic -Wall -Wextra   conftest.c >&5
configure:5716: $? = 0
configure:5716: result: yes
configure:5716: checking openssl/ssl.h presence
configure:5716: gcc -E   conftest.c
configure:5716: $? = 0
configure:5716: result: yes
configure:5716: checking for openssl/ssl.h
configure:5716: result: yes
configure:5728: checking for BN_new in -lcrypto
configure:5753: gcc -o conftest -g -O2 -pedantic -Wall -Wextra    conftest.c -lcrypto   -lcrypto  >&5
configure:5753: $? = 0
configure:5762: result: yes
configure:5776: checking for OpenSSL version
configure:5810: gcc -c -g -O2 -pedantic -Wall -Wextra   conftest.c >&5
configure:5810: $? = 0
configure:5812: result: >= 1.0.0
configure:5847: checking for OpenSSL ECC support
configure:5894: gcc -o conftest -g -O2 -pedantic -Wall -Wextra    conftest.c  -lcrypto  >&5
configure:5894: $? = 0
configure:5894: ./conftest
configure:5894: $? = 0
configure:5896: result: Found P256, P384, and P521
configure:5933: checking for OpenSSL EDDSA ED25519 support
configure:5978: gcc -o conftest -g -O2 -pedantic -Wall -Wextra    conftest.c  -lcrypto  >&5
conftest.c: In function 'main':
conftest.c:34:32: error: 'NID_ED25519' undeclared (first use in this function); did you mean 'NID_Ed25519'?
   34 |      ctx = EVP_PKEY_CTX_new_id(NID_ED25519, NULL);
      |                                ^~~~~~~~~~~
      |                                NID_Ed25519
conftest.c:34:32: note: each undeclared identifier is reported only once for each function it appears in
configure:5978: $? = 1
configure: program exited with status 1
configure: failed program was:
| /* confdefs.h */
| #define PACKAGE_NAME "SoftHSM"
| #define PACKAGE_TARNAME "softhsm"
| #define PACKAGE_VERSION "2.6.1"
| #define PACKAGE_STRING "SoftHSM 2.6.1"
| #define PACKAGE_BUGREPORT ""
| #define PACKAGE_URL ""
| #define PACKAGE "softhsm"
| #define VERSION "2.6.1"
| #define HAVE_CXX11 1
| #define HAVE_DLOPEN 1
| #define STDC_HEADERS 1
| #define HAVE_SYS_TYPES_H 1
| #define HAVE_SYS_STAT_H 1
| #define HAVE_STDLIB_H 1
| #define HAVE_STRING_H 1
| #define HAVE_MEMORY_H 1
| #define HAVE_STRINGS_H 1
| #define HAVE_INTTYPES_H 1
| #define HAVE_STDINT_H 1
| #define HAVE_UNISTD_H 1
| #define HAVE_PTHREAD_H 1
| #define HAVE_OPENSSL_SSL_H 1
| #define HAVE_LIBCRYPTO 1
| /* end confdefs.h.  */
| 
| 
| 				#include <openssl/evp.h>
| 				#include <openssl/objects.h>
| 				int main()
| 				{
| 					EVP_PKEY_CTX *ctx;
| 
| 					ctx = EVP_PKEY_CTX_new_id(NID_ED25519, NULL);
| 					if (ctx == NULL)
| 						return 1;
| 					return 0;
| 				}
| 
| 
configure:5986: result: Cannot find ED25519
configure:5999: checking for OpenSSL EDDSA ED448 support
configure:6031: gcc -o conftest -g -O2 -pedantic -Wall -Wextra    conftest.c  -lcrypto  >&5
conftest.c: In function 'main':
conftest.c:34:32: error: 'NID_ED448' undeclared (first use in this function); did you mean 'NID_Ed448'?
   34 |      ctx = EVP_PKEY_CTX_new_id(NID_ED448, NULL);
      |                                ^~~~~~~~~
      |                                NID_Ed448
conftest.c:34:32: note: each undeclared identifier is reported only once for each function it appears in
configure:6031: $? = 1
configure: program exited with status 1
configure: failed program was:
| /* confdefs.h */
| #define PACKAGE_NAME "SoftHSM"
| #define PACKAGE_TARNAME "softhsm"
| #define PACKAGE_VERSION "2.6.1"
| #define PACKAGE_STRING "SoftHSM 2.6.1"
| #define PACKAGE_BUGREPORT ""
| #define PACKAGE_URL ""
| #define PACKAGE "softhsm"
| #define VERSION "2.6.1"
| #define HAVE_CXX11 1
| #define HAVE_DLOPEN 1
| #define STDC_HEADERS 1
| #define HAVE_SYS_TYPES_H 1
| #define HAVE_SYS_STAT_H 1
| #define HAVE_STDLIB_H 1
| #define HAVE_STRING_H 1
| #define HAVE_MEMORY_H 1
| #define HAVE_STRINGS_H 1
| #define HAVE_INTTYPES_H 1
| #define HAVE_STDINT_H 1
| #define HAVE_UNISTD_H 1
| #define HAVE_PTHREAD_H 1
| #define HAVE_OPENSSL_SSL_H 1
| #define HAVE_LIBCRYPTO 1
| /* end confdefs.h.  */
| 
| 
| 				#include <openssl/evp.h>
| 				#include <openssl/objects.h>
| 				int main()
| 				{
| 					EVP_PKEY_CTX *ctx;
| 
| 					ctx = EVP_PKEY_CTX_new_id(NID_ED448, NULL);
| 					if (ctx == NULL)
| 						return 1;
| 					return 0;
| 				}
| 
| 
configure:6039: result: Cannot find ED448
configure:6073: checking for OpenSSL GOST support
configure:6148: gcc -o conftest -g -O2 -pedantic -Wall -Wextra    conftest.c  -lcrypto  >&5
configure:6148: $? = 0
configure:6148: ./conftest
configure:6148: $? = 1
configure: program exited with status 1
configure: failed program was:
| /* confdefs.h */
| #define PACKAGE_NAME "SoftHSM"
| #define PACKAGE_TARNAME "softhsm"
| #define PACKAGE_VERSION "2.6.1"
| #define PACKAGE_STRING "SoftHSM 2.6.1"
| #define PACKAGE_BUGREPORT ""
| #define PACKAGE_URL ""
| #define PACKAGE "softhsm"
| #define VERSION "2.6.1"
| #define HAVE_CXX11 1
| #define HAVE_DLOPEN 1
| #define STDC_HEADERS 1
| #define HAVE_SYS_TYPES_H 1
| #define HAVE_SYS_STAT_H 1
| #define HAVE_STDLIB_H 1
| #define HAVE_STRING_H 1
| #define HAVE_MEMORY_H 1
| #define HAVE_STRINGS_H 1
| #define HAVE_INTTYPES_H 1
| #define HAVE_STDINT_H 1
| #define HAVE_UNISTD_H 1
| #define HAVE_PTHREAD_H 1
| #define HAVE_OPENSSL_SSL_H 1
| #define HAVE_LIBCRYPTO 1
| /* end confdefs.h.  */
| 
| 
| 				#include <openssl/engine.h>
| 				#include <openssl/crypto.h>
| 				#include <openssl/opensslv.h>
| 				int main()
| 				{
| 					ENGINE* eg;
| 					const EVP_MD* EVP_GOST_34_11;
| 
| 					/* Initialise OpenSSL */
| 					OpenSSL_add_all_algorithms();
| 
| 					/* Load engines */
| 				#if OPENSSL_VERSION_NUMBER < 0x10100000L || defined(LIBRESSL_VERSION_NUMBER)
| 					ENGINE_load_builtin_engines();
| 				#else
| 					OPENSSL_init_crypto(OPENSSL_INIT_ENGINE_ALL_BUILTIN | OPENSSL_INIT_LOAD_CONFIG, NULL);
| 				#endif
| 
| 					/* Initialise the GOST engine */
| 					eg = ENGINE_by_id("gost");
| 					if (eg == NULL)
| 						return 1;
| 					if (ENGINE_init(eg) <= 0)
| 						return 1;
| 
| 					/* better than digest_gost */
| 					EVP_GOST_34_11 = ENGINE_get_digest(eg, NID_id_GostR3411_94);
| 					if (EVP_GOST_34_11 == NULL)
| 						return 1;
| 
| 					/* from the openssl.cnf */
| 					if (ENGINE_register_pkey_asn1_meths(eg) <= 0)
| 						return 1;
| 					if (ENGINE_ctrl_cmd_string(eg,
| 					    "CRYPT_PARAMS",
| 					    "id-Gost28147-89-CryptoPro-A-ParamSet",
| 					    0) <= 0)
| 						return 1;
| 
| 					return 0;
| 				}
| 
| 
configure:6156: result: Cannot find GOST engine
configure:6280: checking OpenSSL EVP interface for AES key wrapping
configure:6309: gcc -o conftest -g -O2 -pedantic -Wall -Wextra    conftest.c  -lcrypto  >&5
configure:6309: $? = 0
configure:6311: result: RFC 3394 is supported
configure:6326: checking OpenSSL EVP interface for AES key wrapping with pad
configure:6341: gcc -o conftest -g -O2 -pedantic -Wall -Wextra    conftest.c  -lcrypto  >&5
conftest.c: In function 'main':
conftest.c:32:5: warning: implicit declaration of function 'EVP_aes_128_wrap_pad'; did you mean 'EVP_aes_128_wrap'? [-Wimplicit-function-declaration]
   32 |     EVP_aes_128_wrap_pad();
      |     ^~~~~~~~~~~~~~~~~~~~
      |     EVP_aes_128_wrap
/usr/lib/gcc/x86_64-alpine-linux-musl/9.3.0/../../../../x86_64-alpine-linux-musl/bin/ld: /tmp/ccBFPgil.o: in function `main':
/SoftHSMv2/conftest.c:32: undefined reference to `EVP_aes_128_wrap_pad'
collect2: error: ld returned 1 exit status
configure:6341: $? = 1
configure: failed program was:
| /* confdefs.h */
| #define PACKAGE_NAME "SoftHSM"
| #define PACKAGE_TARNAME "softhsm"
| #define PACKAGE_VERSION "2.6.1"
| #define PACKAGE_STRING "SoftHSM 2.6.1"
| #define PACKAGE_BUGREPORT ""
| #define PACKAGE_URL ""
| #define PACKAGE "softhsm"
| #define VERSION "2.6.1"
| #define HAVE_CXX11 1
| #define HAVE_DLOPEN 1
| #define STDC_HEADERS 1
| #define HAVE_SYS_TYPES_H 1
| #define HAVE_SYS_STAT_H 1
| #define HAVE_STDLIB_H 1
| #define HAVE_STRING_H 1
| #define HAVE_MEMORY_H 1
| #define HAVE_STRINGS_H 1
| #define HAVE_INTTYPES_H 1
| #define HAVE_STDINT_H 1
| #define HAVE_UNISTD_H 1
| #define HAVE_PTHREAD_H 1
| #define HAVE_OPENSSL_SSL_H 1
| #define HAVE_LIBCRYPTO 1
| #define HAVE_AES_KEY_WRAP 1
| /* end confdefs.h.  */
| 
| 
| 			#include <openssl/evp.h>
| 			int main()
| 			{
| 				EVP_aes_128_wrap_pad();
| 				return 1;
| 			}
| 
| 
configure:6351: result: RFC 5649 is not supported
configure:7131: checking for ECC support
configure:7134: result: yes
configure:7154: checking for GOST support
configure:7165: result: no
configure:7177: checking for EDDSA support
configure:7188: result: no
configure:7234: checking for non-paged memory for secure storage
configure:7238: result: enabled
configure:7247: checking sys/mman.h usability
configure:7247: gcc -c -g -O2 -pedantic -Wall -Wextra  conftest.c >&5
configure:7247: $? = 0
configure:7247: result: yes
configure:7247: checking sys/mman.h presence
configure:7247: gcc -E  conftest.c
configure:7247: $? = 0
configure:7247: result: yes
configure:7247: checking for sys/mman.h
configure:7247: result: yes
configure:7258: checking the maximum size that may be locked into memory
configure:7261: result: 64
configure:7265: WARNING:
======================================================================
SoftHSM has been configured to store sensitive data in non-page RAM
(i.e. memory that is not swapped out to disk). This is the default and
most secure configuration. Your system, however, is not configured to
support this model in non-privileged accounts (i.e. user accounts).

You can check the setting on your system by running the following
command in a shell:

	ulimit -l

If this does not return "unlimited" and you plan to run SoftHSM from
non-privileged accounts then you should edit the configuration file
/etc/security/limits.conf (on most systems).

You will need to add the following lines to this file:

#<domain>	<type>		<item>		<value>
*		-		memlock		unlimited

Alternatively, you can elect to disable this feature of SoftHSM by
re-running configure with the option "--disable-non-paged-memory".
Please be advised that this may seriously degrade the security of
SoftHSM.
======================================================================
configure:7335: checking if building with softhsm2-migrate
configure:7435: result: no
configure:7457: checking if building database object store backend
configure:7468: result: no
configure:7481: checking if SQLite3 required
configure:7686: result: no
configure:7730: checking for p11-kit integration
configure:7733: result: yes
configure:7740: checking where to install the p11-kit module
configure:7742: result: 
configure:7745: WARNING: Missing install path for the p11-kit module, skipping module
configure:7768: checking for cppunit-config
configure:7801: result: no
configure:7809: checking for cppunit
configure:7816: $PKG_CONFIG --exists --print-errors "cppunit"
Package cppunit was not found in the pkg-config search path.
Perhaps you should add the directory containing `cppunit.pc'
to the PKG_CONFIG_PATH environment variable
Package 'cppunit', required by 'virtual:world', not found
configure:7819: $? = 1
configure:7833: $PKG_CONFIG --exists --print-errors "cppunit"
Package cppunit was not found in the pkg-config search path.
Perhaps you should add the directory containing `cppunit.pc'
to the PKG_CONFIG_PATH environment variable
Package 'cppunit', required by 'virtual:world', not found
configure:7836: $? = 1
configure:7850: result: no
Package 'cppunit', required by 'virtual:world', not found
configure:7909: checking for getpwuid_r
configure:7909: gcc -o conftest -g -O2 -pedantic -Wall -Wextra -fvisibility=hidden   conftest.c  >&5
configure:7909: $? = 0
configure:7909: result: yes
configure:8001: checking build system type
configure:8015: result: x86_64-pc-linux-musl
configure:8035: checking host system type
configure:8048: result: x86_64-pc-linux-musl
configure:8089: checking how to print strings
configure:8116: result: printf
configure:8137: checking for a sed that does not truncate output
configure:8201: result: /bin/sed
configure:8219: checking for fgrep
configure:8281: result: /bin/grep -F
configure:8316: checking for ld used by gcc
configure:8383: result: /usr/x86_64-alpine-linux-musl/bin/ld
configure:8390: checking if the linker (/usr/x86_64-alpine-linux-musl/bin/ld) is GNU ld
configure:8405: result: yes
configure:8417: checking for BSD- or MS-compatible name lister (nm)
configure:8471: result: /usr/bin/nm -B
configure:8601: checking the name lister (/usr/bin/nm -B) interface
configure:8608: gcc -c -g -O2 -pedantic -Wall -Wextra -fvisibility=hidden  conftest.c >&5
configure:8611: /usr/bin/nm -B "conftest.o"
configure:8614: output
0000000000000000 B some_variable
configure:8621: result: BSD nm
configure:8624: checking whether ln -s works
configure:8628: result: yes
configure:8636: checking the maximum length of command line arguments
configure:8767: result: 98304
configure:8815: checking how to convert x86_64-pc-linux-musl file names to x86_64-pc-linux-musl format
configure:8855: result: func_convert_file_noop
configure:8862: checking how to convert x86_64-pc-linux-musl file names to toolchain format
configure:8882: result: func_convert_file_noop
configure:8889: checking for /usr/x86_64-alpine-linux-musl/bin/ld option to reload object files
configure:8896: result: -r
configure:8970: checking for objdump
configure:8986: found /usr/bin/objdump
configure:8997: result: objdump
configure:9029: checking how to recognize dependent libraries
configure:9229: result: pass_all
configure:9314: checking for dlltool
configure:9344: result: no
configure:9374: checking how to associate runtime and link libraries
configure:9401: result: printf %s\n
configure:9461: checking for ar
configure:9477: found /usr/bin/ar
configure:9488: result: ar
configure:9525: checking for archiver @FILE support
configure:9542: gcc -c -g -O2 -pedantic -Wall -Wextra -fvisibility=hidden  conftest.c >&5
configure:9542: $? = 0
configure:9545: ar cru libconftest.a @conftest.lst >&5
ar: `u' modifier ignored since `D' is the default (see `U')
configure:9548: $? = 0
configure:9553: ar cru libconftest.a @conftest.lst >&5
ar: `u' modifier ignored since `D' is the default (see `U')
ar: conftest.o: No such file or directory
configure:9556: $? = 1
configure:9568: result: @
configure:9626: checking for strip
configure:9642: found /usr/bin/strip
configure:9653: result: strip
configure:9725: checking for ranlib
configure:9741: found /usr/bin/ranlib
configure:9752: result: ranlib
configure:9854: checking command to parse /usr/bin/nm -B output from gcc object
configure:10007: gcc -c -g -O2 -pedantic -Wall -Wextra -fvisibility=hidden  conftest.c >&5
configure:10010: $? = 0
configure:10014: /usr/bin/nm -B conftest.o \| sed -n -e 's/^.*[ ]\([ABCDGIRSTW][ABCDGIRSTW]*\)[ ][ ]*\([_A-Za-z][_A-Za-z0-9]*\)$/\1 \2 \2/p' | sed '/ __gnu_lto/d' \> conftest.nm
configure:10017: $? = 0
configure:10083: gcc -o conftest -g -O2 -pedantic -Wall -Wextra -fvisibility=hidden   conftest.c conftstm.o >&5
conftest.c:29:20: warning: ISO C forbids conversion of function pointer to object pointer type [-Wpedantic]
   29 |   {"nm_test_func", (void *) &nm_test_func},
      |                    ^
configure:10086: $? = 0
configure:10124: result: ok
configure:10171: checking for sysroot
configure:10201: result: no
configure:10208: checking for a working dd
configure:10246: result: /bin/dd
configure:10250: checking how to truncate binary pipes
configure:10265: result: /bin/dd bs=4096 count=1
configure:10401: gcc -c -g -O2 -pedantic -Wall -Wextra -fvisibility=hidden  conftest.c >&5
configure:10404: $? = 0
configure:10594: checking for mt
configure:10624: result: no
configure:10644: checking if : is a manifest tool
configure:10650: : '-?'
configure:10658: result: no
configure:11332: checking for dlfcn.h
configure:11332: gcc -c -g -O2 -pedantic -Wall -Wextra -fvisibility=hidden  conftest.c >&5
configure:11332: $? = 0
configure:11332: result: yes
configure:11598: checking for objdir
configure:11613: result: .libs
configure:11877: checking if gcc supports -fno-rtti -fno-exceptions
configure:11895: gcc -c -g -O2 -pedantic -Wall -Wextra -fvisibility=hidden  -fno-rtti -fno-exceptions conftest.c >&5
cc1: warning: command line option '-fno-rtti' is valid for C++/D/ObjC++ but not for C
configure:11899: $? = 0
configure:11912: result: no
configure:12270: checking for gcc option to produce PIC
configure:12277: result: -fPIC -DPIC
configure:12285: checking if gcc PIC flag -fPIC -DPIC works
configure:12303: gcc -c -g -O2 -pedantic -Wall -Wextra -fvisibility=hidden  -fPIC -DPIC -DPIC conftest.c >&5
configure:12307: $? = 0
configure:12320: result: yes
configure:12349: checking if gcc static flag -static works
configure:12377: result: yes
configure:12392: checking if gcc supports -c -o file.o
configure:12413: gcc -c -g -O2 -pedantic -Wall -Wextra -fvisibility=hidden  -o out/conftest2.o conftest.c >&5
configure:12417: $? = 0
configure:12439: result: yes
configure:12447: checking if gcc supports -c -o file.o
configure:12494: result: yes
configure:12527: checking whether the gcc linker (/usr/x86_64-alpine-linux-musl/bin/ld) supports shared libraries
configure:13786: result: yes
configure:13823: checking whether -lc should be explicitly linked in
configure:13831: gcc -c -g -O2 -pedantic -Wall -Wextra -fvisibility=hidden  conftest.c >&5
configure:13834: $? = 0
configure:13849: gcc -shared  -fPIC -DPIC conftest.o  -v -Wl,-soname -Wl,conftest -o conftest 2\>\&1 \| /bin/grep  -lc  \>/dev/null 2\>\&1
configure:13852: $? = 0
configure:13866: result: no
configure:14026: checking dynamic linker characteristics
configure:14607: gcc -o conftest -g -O2 -pedantic -Wall -Wextra -fvisibility=hidden   -Wl,-rpath -Wl,/foo conftest.c  >&5
configure:14607: $? = 0
configure:14844: result: GNU/Linux ld.so
configure:14966: checking how to hardcode library paths into programs
configure:14991: result: immediate
configure:15539: checking whether stripping libraries is possible
configure:15544: result: yes
configure:15579: checking if libtool supports shared libraries
configure:15581: result: yes
configure:15584: checking whether to build shared libraries
configure:15609: result: yes
configure:15612: checking whether to build static libraries
configure:15616: result: yes
configure:15639: checking how to run the C++ preprocessor
configure:15666: g++ -E  conftest.cpp
configure:15666: $? = 0
configure:15680: g++ -E  conftest.cpp
conftest.cpp:45:10: fatal error: ac_nonexistent.h: No such file or directory
   45 | #include <ac_nonexistent.h>
      |          ^~~~~~~~~~~~~~~~~~
compilation terminated.
configure:15680: $? = 1
configure: failed program was:
| /* confdefs.h */
| #define PACKAGE_NAME "SoftHSM"
| #define PACKAGE_TARNAME "softhsm"
| #define PACKAGE_VERSION "2.6.1"
| #define PACKAGE_STRING "SoftHSM 2.6.1"
| #define PACKAGE_BUGREPORT ""
| #define PACKAGE_URL ""
| #define PACKAGE "softhsm"
| #define VERSION "2.6.1"
| #define HAVE_CXX11 1
| #define HAVE_DLOPEN 1
| #define STDC_HEADERS 1
| #define HAVE_SYS_TYPES_H 1
| #define HAVE_SYS_STAT_H 1
| #define HAVE_STDLIB_H 1
| #define HAVE_STRING_H 1
| #define HAVE_MEMORY_H 1
| #define HAVE_STRINGS_H 1
| #define HAVE_INTTYPES_H 1
| #define HAVE_STDINT_H 1
| #define HAVE_UNISTD_H 1
| #define HAVE_PTHREAD_H 1
| #define HAVE_OPENSSL_SSL_H 1
| #define HAVE_LIBCRYPTO 1
| #define HAVE_AES_KEY_WRAP 1
| #define WITH_RAW_PSS 1
| #define WITH_OPENSSL /**/
| #define WITH_ECC /**/
| #define SENSITIVE_NON_PAGE /**/
| #define HAVE_SYS_MMAN_H 1
| #define CRYPTOKI_VISIBILITY 1
| #define HAVE_GETPWUID_R 1
| #define VERSION_MAJOR 2
| #define VERSION_MINOR 6
| #define MAX_PIN_LEN 255
| #define MIN_PIN_LEN 4
| #define DEFAULT_SOFTHSM2_CONF "/etc/softhsm2.conf"
| #define DEFAULT_TOKENDIR "/var/lib/softhsm/tokens/"
| #define DEFAULT_OBJECTSTORE_BACKEND "file"
| #define DEFAULT_LOG_LEVEL "INFO"
| #define DEFAULT_PKCS11_LIB "/usr/local/lib/softhsm/libsofthsm2.so"
| #define HAVE_DLFCN_H 1
| #define LT_OBJDIR ".libs/"
| /* end confdefs.h.  */
| #include <ac_nonexistent.h>
configure:15705: result: g++ -E
configure:15725: g++ -E  conftest.cpp
configure:15725: $? = 0
configure:15739: g++ -E  conftest.cpp
conftest.cpp:45:10: fatal error: ac_nonexistent.h: No such file or directory
   45 | #include <ac_nonexistent.h>
      |          ^~~~~~~~~~~~~~~~~~
compilation terminated.
configure:15739: $? = 1
configure: failed program was:
| /* confdefs.h */
| #define PACKAGE_NAME "SoftHSM"
| #define PACKAGE_TARNAME "softhsm"
| #define PACKAGE_VERSION "2.6.1"
| #define PACKAGE_STRING "SoftHSM 2.6.1"
| #define PACKAGE_BUGREPORT ""
| #define PACKAGE_URL ""
| #define PACKAGE "softhsm"
| #define VERSION "2.6.1"
| #define HAVE_CXX11 1
| #define HAVE_DLOPEN 1
| #define STDC_HEADERS 1
| #define HAVE_SYS_TYPES_H 1
| #define HAVE_SYS_STAT_H 1
| #define HAVE_STDLIB_H 1
| #define HAVE_STRING_H 1
| #define HAVE_MEMORY_H 1
| #define HAVE_STRINGS_H 1
| #define HAVE_INTTYPES_H 1
| #define HAVE_STDINT_H 1
| #define HAVE_UNISTD_H 1
| #define HAVE_PTHREAD_H 1
| #define HAVE_OPENSSL_SSL_H 1
| #define HAVE_LIBCRYPTO 1
| #define HAVE_AES_KEY_WRAP 1
| #define WITH_RAW_PSS 1
| #define WITH_OPENSSL /**/
| #define WITH_ECC /**/
| #define SENSITIVE_NON_PAGE /**/
| #define HAVE_SYS_MMAN_H 1
| #define CRYPTOKI_VISIBILITY 1
| #define HAVE_GETPWUID_R 1
| #define VERSION_MAJOR 2
| #define VERSION_MINOR 6
| #define MAX_PIN_LEN 255
| #define MIN_PIN_LEN 4
| #define DEFAULT_SOFTHSM2_CONF "/etc/softhsm2.conf"
| #define DEFAULT_TOKENDIR "/var/lib/softhsm/tokens/"
| #define DEFAULT_OBJECTSTORE_BACKEND "file"
| #define DEFAULT_LOG_LEVEL "INFO"
| #define DEFAULT_PKCS11_LIB "/usr/local/lib/softhsm/libsofthsm2.so"
| #define HAVE_DLFCN_H 1
| #define LT_OBJDIR ".libs/"
| /* end confdefs.h.  */
| #include <ac_nonexistent.h>
configure:15901: checking for ld used by g++
configure:15968: result: /usr/x86_64-alpine-linux-musl/bin/ld
configure:15975: checking if the linker (/usr/x86_64-alpine-linux-musl/bin/ld) is GNU ld
configure:15990: result: yes
configure:16045: checking whether the g++ linker (/usr/x86_64-alpine-linux-musl/bin/ld) supports shared libraries
configure:17118: result: yes
configure:17154: g++ -c -g -O2 -Wall -Wextra -fvisibility=hidden  conftest.cpp >&5
configure:17157: $? = 0
configure:17638: checking for g++ option to produce PIC
configure:17645: result: -fPIC -DPIC
configure:17653: checking if g++ PIC flag -fPIC -DPIC works
configure:17671: g++ -c -g -O2 -Wall -Wextra -fvisibility=hidden  -fPIC -DPIC -DPIC conftest.cpp >&5
configure:17675: $? = 0
configure:17688: result: yes
configure:17711: checking if g++ static flag -static works
configure:17739: result: yes
configure:17751: checking if g++ supports -c -o file.o
configure:17772: g++ -c -g -O2 -Wall -Wextra -fvisibility=hidden  -o out/conftest2.o conftest.cpp >&5
configure:17776: $? = 0
configure:17798: result: yes
configure:17803: checking if g++ supports -c -o file.o
configure:17850: result: yes
configure:17880: checking whether the g++ linker (/usr/x86_64-alpine-linux-musl/bin/ld) supports shared libraries
configure:17920: result: yes
configure:18061: checking dynamic linker characteristics
configure:18806: result: GNU/Linux ld.so
configure:18871: checking how to hardcode library paths into programs
configure:18896: result: immediate
configure:19071: checking that generated files are newer than configure
configure:19077: result: done
configure:19136: creating ./config.status

## ---------------------- ##
## Running config.status. ##
## ---------------------- ##

This file was extended by SoftHSM config.status 2.6.1, which was
generated by GNU Autoconf 2.69.  Invocation command line was

  CONFIG_FILES    = 
  CONFIG_HEADERS  = 
  CONFIG_LINKS    = 
  CONFIG_COMMANDS = 
  $ ./config.status 

on 70b6f34ea5c6

config.status:1239: creating Makefile
config.status:1239: creating softhsm2.module
config.status:1239: creating src/Makefile
config.status:1239: creating src/lib/Makefile
config.status:1239: creating src/lib/common/Makefile
config.status:1239: creating src/lib/common/softhsm2.conf
config.status:1239: creating src/lib/common/softhsm2.conf.5
config.status:1239: creating src/lib/crypto/Makefile
config.status:1239: creating src/lib/crypto/test/Makefile
config.status:1239: creating src/lib/data_mgr/Makefile
config.status:1239: creating src/lib/data_mgr/test/Makefile
config.status:1239: creating src/lib/object_store/Makefile
config.status:1239: creating src/lib/object_store/test/Makefile
config.status:1239: creating src/lib/session_mgr/Makefile
config.status:1239: creating src/lib/session_mgr/test/Makefile
config.status:1239: creating src/lib/slot_mgr/Makefile
config.status:1239: creating src/lib/slot_mgr/test/Makefile
config.status:1239: creating src/lib/handle_mgr/Makefile
config.status:1239: creating src/lib/handle_mgr/test/Makefile
config.status:1239: creating src/lib/test/Makefile
config.status:1239: creating src/lib/test/softhsm2.conf
config.status:1239: creating src/lib/test/softhsm2-alt.conf
config.status:1239: creating src/lib/test/softhsm2-reset-on-fork.conf
config.status:1239: creating src/lib/test/softhsm2-mech.conf
config.status:1239: creating src/lib/test/tokens/dummy
config.status:1239: creating src/bin/Makefile
config.status:1239: creating src/bin/common/Makefile
config.status:1239: creating src/bin/dump/Makefile
config.status:1239: creating src/bin/keyconv/Makefile
config.status:1239: creating src/bin/migrate/Makefile
config.status:1239: creating src/bin/util/Makefile
config.status:1239: creating config.h
config.status:1420: config.h is unchanged
config.status:1468: executing depfiles commands
config.status:1543: cd src/lib       && sed -e '/# am--include-marker/d' Makefile         | make -f - am--depfiles
config.status:1550: $? = 0
config.status:1543: cd src/lib/common       && sed -e '/# am--include-marker/d' Makefile         | make -f - am--depfiles
config.status:1550: $? = 0
config.status:1543: cd src/lib/crypto       && sed -e '/# am--include-marker/d' Makefile         | make -f - am--depfiles
config.status:1550: $? = 0
config.status:1543: cd src/lib/crypto/test       && sed -e '/# am--include-marker/d' Makefile         | make -f - am--depfiles
config.status:1550: $? = 0
config.status:1543: cd src/lib/data_mgr       && sed -e '/# am--include-marker/d' Makefile         | make -f - am--depfiles
config.status:1550: $? = 0
config.status:1543: cd src/lib/data_mgr/test       && sed -e '/# am--include-marker/d' Makefile         | make -f - am--depfiles
config.status:1550: $? = 0
config.status:1543: cd src/lib/object_store       && sed -e '/# am--include-marker/d' Makefile         | make -f - am--depfiles
config.status:1550: $? = 0
config.status:1543: cd src/lib/object_store/test       && sed -e '/# am--include-marker/d' Makefile         | make -f - am--depfiles
config.status:1550: $? = 0
config.status:1543: cd src/lib/session_mgr       && sed -e '/# am--include-marker/d' Makefile         | make -f - am--depfiles
config.status:1550: $? = 0
config.status:1543: cd src/lib/session_mgr/test       && sed -e '/# am--include-marker/d' Makefile         | make -f - am--depfiles
config.status:1550: $? = 0
config.status:1543: cd src/lib/slot_mgr       && sed -e '/# am--include-marker/d' Makefile         | make -f - am--depfiles
config.status:1550: $? = 0
config.status:1543: cd src/lib/slot_mgr/test       && sed -e '/# am--include-marker/d' Makefile         | make -f - am--depfiles
config.status:1550: $? = 0
config.status:1543: cd src/lib/handle_mgr       && sed -e '/# am--include-marker/d' Makefile         | make -f - am--depfiles
config.status:1550: $? = 0
config.status:1543: cd src/lib/handle_mgr/test       && sed -e '/# am--include-marker/d' Makefile         | make -f - am--depfiles
config.status:1550: $? = 0
config.status:1543: cd src/lib/test       && sed -e '/# am--include-marker/d' Makefile         | make -f - am--depfiles
config.status:1550: $? = 0
config.status:1543: cd src/bin/dump       && sed -e '/# am--include-marker/d' Makefile         | make -f - am--depfiles
config.status:1550: $? = 0
config.status:1543: cd src/bin/keyconv       && sed -e '/# am--include-marker/d' Makefile         | make -f - am--depfiles
config.status:1550: $? = 0
config.status:1543: cd src/bin/migrate       && sed -e '/# am--include-marker/d' Makefile         | make -f - am--depfiles
config.status:1550: $? = 0
config.status:1543: cd src/bin/util       && sed -e '/# am--include-marker/d' Makefile         | make -f - am--depfiles
config.status:1550: $? = 0
config.status:1468: executing libtool commands

## ---------------- ##
## Cache variables. ##
## ---------------- ##

ac_cv_build='x86_64-pc-linux-musl'
ac_cv_c_compiler_gnu='yes'
ac_cv_cxx_compiler_gnu='yes'
ac_cv_env_BOTAN_CFLAGS_set=''
ac_cv_env_BOTAN_CFLAGS_value=''
ac_cv_env_BOTAN_LIBS_set=''
ac_cv_env_BOTAN_LIBS_value=''
ac_cv_env_CCC_set=''
ac_cv_env_CCC_value=''
ac_cv_env_CC_set=''
ac_cv_env_CC_value=''
ac_cv_env_CFLAGS_set=''
ac_cv_env_CFLAGS_value=''
ac_cv_env_CPPFLAGS_set=''
ac_cv_env_CPPFLAGS_value=''
ac_cv_env_CPPUNIT_CFLAGS_set=''
ac_cv_env_CPPUNIT_CFLAGS_value=''
ac_cv_env_CPPUNIT_LIBS_set=''
ac_cv_env_CPPUNIT_LIBS_value=''
ac_cv_env_CPP_set=''
ac_cv_env_CPP_value=''
ac_cv_env_CXXCPP_set=''
ac_cv_env_CXXCPP_value=''
ac_cv_env_CXXFLAGS_set=''
ac_cv_env_CXXFLAGS_value=''
ac_cv_env_CXX_set=''
ac_cv_env_CXX_value=''
ac_cv_env_LDFLAGS_set=''
ac_cv_env_LDFLAGS_value=''
ac_cv_env_LIBS_set=''
ac_cv_env_LIBS_value=''
ac_cv_env_LT_SYS_LIBRARY_PATH_set=''
ac_cv_env_LT_SYS_LIBRARY_PATH_value=''
ac_cv_env_PKG_CONFIG_LIBDIR_set=''
ac_cv_env_PKG_CONFIG_LIBDIR_value=''
ac_cv_env_PKG_CONFIG_PATH_set=''
ac_cv_env_PKG_CONFIG_PATH_value=''
ac_cv_env_PKG_CONFIG_set=''
ac_cv_env_PKG_CONFIG_value=''
ac_cv_env_build_alias_set=''
ac_cv_env_build_alias_value=''
ac_cv_env_host_alias_set=''
ac_cv_env_host_alias_value=''
ac_cv_env_target_alias_set=''
ac_cv_env_target_alias_value=''
ac_cv_func_dlopen='yes'
ac_cv_func_getpwuid_r='yes'
ac_cv_header_dlfcn_h='yes'
ac_cv_header_inttypes_h='yes'
ac_cv_header_memory_h='yes'
ac_cv_header_openssl_ssl_h='yes'
ac_cv_header_pthread_h='yes'
ac_cv_header_stdc='yes'
ac_cv_header_stdint_h='yes'
ac_cv_header_stdlib_h='yes'
ac_cv_header_string_h='yes'
ac_cv_header_strings_h='yes'
ac_cv_header_sys_mman_h='yes'
ac_cv_header_sys_stat_h='yes'
ac_cv_header_sys_types_h='yes'
ac_cv_header_unistd_h='yes'
ac_cv_host='x86_64-pc-linux-musl'
ac_cv_lib_crypto_BN_new='yes'
ac_cv_objext='o'
ac_cv_path_EGREP='/bin/grep -E'
ac_cv_path_FGREP='/bin/grep -F'
ac_cv_path_GREP='/bin/grep'
ac_cv_path_SED='/bin/sed'
ac_cv_path_ac_pt_PKG_CONFIG='/usr/bin/pkg-config'
ac_cv_path_install='/usr/bin/install -c'
ac_cv_path_lt_DD='/bin/dd'
ac_cv_prog_AWK='awk'
ac_cv_prog_CPP='gcc -E'
ac_cv_prog_CXXCPP='g++ -E'
ac_cv_prog_ac_ct_AR='ar'
ac_cv_prog_ac_ct_CC='gcc'
ac_cv_prog_ac_ct_CXX='g++'
ac_cv_prog_ac_ct_OBJDUMP='objdump'
ac_cv_prog_ac_ct_RANLIB='ranlib'
ac_cv_prog_ac_ct_STRIP='strip'
ac_cv_prog_cc_c89=''
ac_cv_prog_cc_g='yes'
ac_cv_prog_cxx_g='yes'
ac_cv_prog_make_make_set='yes'
acx_cv_lib_openssl_ecc_support='yes'
acx_cv_lib_openssl_ed25519_support='no'
acx_cv_lib_openssl_ed448_support='no'
acx_cv_lib_openssl_gost_support='no'
acx_cv_lib_openssl_sufficient='yes'
am_cv_CC_dependencies_compiler_type='gcc3'
am_cv_CXX_dependencies_compiler_type='gcc3'
am_cv_make_support_nested_variables='yes'
am_cv_prog_cc_c_o='yes'
ax_cv_cxx_compile_cxx11='yes'
lt_cv_ar_at_file='@'
lt_cv_archive_cmds_need_lc='no'
lt_cv_deplibs_check_method='pass_all'
lt_cv_file_magic_cmd='$MAGIC_CMD'
lt_cv_file_magic_test_file=''
lt_cv_ld_reload_flag='-r'
lt_cv_nm_interface='BSD nm'
lt_cv_objdir='.libs'
lt_cv_path_LD='/usr/x86_64-alpine-linux-musl/bin/ld'
lt_cv_path_LDCXX='/usr/x86_64-alpine-linux-musl/bin/ld'
lt_cv_path_NM='/usr/bin/nm -B'
lt_cv_path_mainfest_tool='no'
lt_cv_prog_compiler_c_o='yes'
lt_cv_prog_compiler_c_o_CXX='yes'
lt_cv_prog_compiler_pic='-fPIC -DPIC'
lt_cv_prog_compiler_pic_CXX='-fPIC -DPIC'
lt_cv_prog_compiler_pic_works='yes'
lt_cv_prog_compiler_pic_works_CXX='yes'
lt_cv_prog_compiler_rtti_exceptions='no'
lt_cv_prog_compiler_static_works='yes'
lt_cv_prog_compiler_static_works_CXX='yes'
lt_cv_prog_gnu_ld='yes'
lt_cv_prog_gnu_ldcxx='yes'
lt_cv_sharedlib_from_linklib_cmd='printf %s\n'
lt_cv_shlibpath_overrides_runpath='no'
lt_cv_sys_global_symbol_pipe='sed -n -e '"'"'s/^.*[	 ]\([ABCDGIRSTW][ABCDGIRSTW]*\)[	 ][	 ]*\([_A-Za-z][_A-Za-z0-9]*\)$/\1 \2 \2/p'"'"' | sed '"'"'/ __gnu_lto/d'"'"
lt_cv_sys_global_symbol_to_c_name_address='sed -n -e '"'"'s/^: \(.*\) .*$/  {"\1", (void *) 0},/p'"'"' -e '"'"'s/^[ABCDGIRSTW][ABCDGIRSTW]* .* \(.*\)$/  {"\1", (void *) \&\1},/p'"'"
lt_cv_sys_global_symbol_to_c_name_address_lib_prefix='sed -n -e '"'"'s/^: \(.*\) .*$/  {"\1", (void *) 0},/p'"'"' -e '"'"'s/^[ABCDGIRSTW][ABCDGIRSTW]* .* \(lib.*\)$/  {"\1", (void *) \&\1},/p'"'"' -e '"'"'s/^[ABCDGIRSTW][ABCDGIRSTW]* .* \(.*\)$/  {"lib\1", (void *) \&\1},/p'"'"
lt_cv_sys_global_symbol_to_cdecl='sed -n -e '"'"'s/^T .* \(.*\)$/extern int \1();/p'"'"' -e '"'"'s/^[ABCDGIRSTW][ABCDGIRSTW]* .* \(.*\)$/extern char \1;/p'"'"
lt_cv_sys_global_symbol_to_import=''
lt_cv_sys_max_cmd_len='98304'
lt_cv_to_host_file_cmd='func_convert_file_noop'
lt_cv_to_tool_file_cmd='func_convert_file_noop'
lt_cv_truncate_bin='/bin/dd bs=4096 count=1'

## ----------------- ##
## Output variables. ##
## ----------------- ##

ACLOCAL='${SHELL} /SoftHSMv2/missing aclocal-1.16'
AMDEPBACKSLASH='\'
AMDEP_FALSE='#'
AMDEP_TRUE=''
AMTAR='$${TAR-tar}'
AM_BACKSLASH='\'
AM_DEFAULT_V='$(AM_DEFAULT_VERBOSITY)'
AM_DEFAULT_VERBOSITY='1'
AM_V='$(V)'
AR='ar'
AUTOCONF='${SHELL} /SoftHSMv2/missing autoconf'
AUTOHEADER='${SHELL} /SoftHSMv2/missing autoheader'
AUTOMAKE='${SHELL} /SoftHSMv2/missing automake-1.16'
AWK='awk'
BOTAN_CFLAGS=''
BOTAN_LIBS=''
BOTAN_VERSION_MAJOR=''
BOTAN_VERSION_MINOR=''
BUILD_MIGRATE_FALSE=''
BUILD_MIGRATE_TRUE='#'
BUILD_OBJECTSTORE_BACKEND_DB_FALSE=''
BUILD_OBJECTSTORE_BACKEND_DB_TRUE='#'
CC='gcc'
CCDEPMODE='depmode=gcc3'
CFLAGS='-g -O2 -pedantic -Wall -Wextra -fvisibility=hidden'
CPP='gcc -E'
CPPFLAGS=''
CPPUNIT_CFLAGS=''
CPPUNIT_CONFIG=''
CPPUNIT_LIBS=''
CRYPTO_INCLUDES=''
CRYPTO_LIBS=' -lcrypto'
CXX='g++'
CXXCPP='g++ -E'
CXXDEPMODE='depmode=gcc3'
CXXFLAGS='-g -O2 -Wall -Wextra -fvisibility=hidden'
CYGPATH_W='echo'
DEFS='-DHAVE_CONFIG_H'
DEPDIR='.deps'
DLLTOOL='false'
DSYMUTIL=''
DUMPBIN=''
ECHO_C=''
ECHO_N='-n'
ECHO_T=''
EGREP='/bin/grep -E'
EXEEXT=''
FGREP='/bin/grep -F'
GREP='/bin/grep'
HAVE_CXX11='1'
INSTALL_DATA='${INSTALL} -m 644'
INSTALL_PROGRAM='${INSTALL}'
INSTALL_SCRIPT='${INSTALL}'
INSTALL_STRIP_PROGRAM='$(install_sh) -c -s'
LD='/usr/x86_64-alpine-linux-musl/bin/ld'
LDFLAGS=''
LIBOBJS=''
LIBS=''
LIBTOOL='$(SHELL) $(top_builddir)/libtool'
LIPO=''
LN_S='ln -s'
LTLIBOBJS=''
LT_SYS_LIBRARY_PATH=''
MAKEINFO='${SHELL} /SoftHSMv2/missing makeinfo'
MANIFEST_TOOL=':'
MKDIR_P='./install-sh -c -d'
NM='/usr/bin/nm -B'
NMEDIT=''
OBJDUMP='objdump'
OBJEXT='o'
OPENSSL_INCLUDES=''
OPENSSL_LIBS=' -lcrypto'
OTOOL64=''
OTOOL=''
P11KIT_PATH=''
PACKAGE='softhsm'
PACKAGE_BUGREPORT=''
PACKAGE_NAME='SoftHSM'
PACKAGE_STRING='SoftHSM 2.6.1'
PACKAGE_TARNAME='softhsm'
PACKAGE_URL=''
PACKAGE_VERSION='2.6.1'
PATH_SEPARATOR=':'
PKG_CONFIG='/usr/bin/pkg-config'
PKG_CONFIG_LIBDIR=''
PKG_CONFIG_PATH=''
RANLIB='ranlib'
SED='/bin/sed'
SET_MAKE=''
SHELL='/bin/sh'
SQLITE3=''
SQLITE3_INCLUDES=''
SQLITE3_LIBS=''
STRIP='strip'
VERSION='2.6.1'
VERSION_INFO='2:5:1'
WITH_BOTAN_FALSE=''
WITH_BOTAN_TRUE='#'
WITH_ECC_FALSE='#'
WITH_ECC_TRUE=''
WITH_EDDSA_FALSE=''
WITH_EDDSA_TRUE='#'
WITH_GOST_FALSE=''
WITH_GOST_TRUE='#'
WITH_OPENSSL_FALSE='#'
WITH_OPENSSL_TRUE=''
WITH_P11KIT_FALSE=''
WITH_P11KIT_TRUE='#'
YIELD_LIB=''
ac_ct_AR='ar'
ac_ct_CC='gcc'
ac_ct_CXX='g++'
ac_ct_DUMPBIN=''
am__EXEEXT_FALSE=''
am__EXEEXT_TRUE='#'
am__fastdepCC_FALSE='#'
am__fastdepCC_TRUE=''
am__fastdepCXX_FALSE='#'
am__fastdepCXX_TRUE=''
am__include='include'
am__isrc=''
am__leading_dot='.'
am__nodep='_no'
am__quote=''
am__tar='$${TAR-tar} chof - "$$tardir"'
am__untar='$${TAR-tar} xf -'
bindir='${exec_prefix}/bin'
build='x86_64-pc-linux-musl'
build_alias=''
build_cpu='x86_64'
build_os='linux-musl'
build_vendor='pc'
datadir='${datarootdir}'
datarootdir='${prefix}/share'
default_softhsm2_conf='/etc/softhsm2.conf'
default_softhsm2_lib='/usr/local/lib/softhsm/libsofthsm2.so'
docdir='${datarootdir}/doc/${PACKAGE_TARNAME}'
dvidir='${docdir}'
exec_prefix='${prefix}'
host='x86_64-pc-linux-musl'
host_alias=''
host_cpu='x86_64'
host_os='linux-musl'
host_vendor='pc'
htmldir='${docdir}'
includedir='${prefix}/include'
infodir='${datarootdir}/info'
install_sh='${SHELL} /SoftHSMv2/install-sh'
libdir='/usr/local/lib/softhsm'
libexecdir='${exec_prefix}/libexec'
localedir='${datarootdir}/locale'
localstatedir='/var'
mandir='${datarootdir}/man'
mkdir_p='$(MKDIR_P)'
oldincludedir='/usr/include'
pdfdir='${docdir}'
prefix='/usr/local'
program_transform_name='s,x,x,'
psdir='${docdir}'
runstatedir='${localstatedir}/run'
sbindir='${exec_prefix}/sbin'
sharedstatedir='${prefix}/com'
softhsmtokendir='/var/lib/softhsm/tokens/'
sysconfdir='/etc'
target_alias=''

## ----------- ##
## confdefs.h. ##
## ----------- ##

/* confdefs.h */
#define PACKAGE_NAME "SoftHSM"
#define PACKAGE_TARNAME "softhsm"
#define PACKAGE_VERSION "2.6.1"
#define PACKAGE_STRING "SoftHSM 2.6.1"
#define PACKAGE_BUGREPORT ""
#define PACKAGE_URL ""
#define PACKAGE "softhsm"
#define VERSION "2.6.1"
#define HAVE_CXX11 1
#define HAVE_DLOPEN 1
#define STDC_HEADERS 1
#define HAVE_SYS_TYPES_H 1
#define HAVE_SYS_STAT_H 1
#define HAVE_STDLIB_H 1
#define HAVE_STRING_H 1
#define HAVE_MEMORY_H 1
#define HAVE_STRINGS_H 1
#define HAVE_INTTYPES_H 1
#define HAVE_STDINT_H 1
#define HAVE_UNISTD_H 1
#define HAVE_PTHREAD_H 1
#define HAVE_OPENSSL_SSL_H 1
#define HAVE_LIBCRYPTO 1
#define HAVE_AES_KEY_WRAP 1
#define WITH_RAW_PSS 1
#define WITH_OPENSSL /**/
#define WITH_ECC /**/
#define SENSITIVE_NON_PAGE /**/
#define HAVE_SYS_MMAN_H 1
#define CRYPTOKI_VISIBILITY 1
#define HAVE_GETPWUID_R 1
#define VERSION_MAJOR 2
#define VERSION_MINOR 6
#define MAX_PIN_LEN 255
#define MIN_PIN_LEN 4
#define DEFAULT_SOFTHSM2_CONF "/etc/softhsm2.conf"
#define DEFAULT_TOKENDIR "/var/lib/softhsm/tokens/"
#define DEFAULT_OBJECTSTORE_BACKEND "file"
#define DEFAULT_LOG_LEVEL "INFO"
#define DEFAULT_PKCS11_LIB "/usr/local/lib/softhsm/libsofthsm2.so"
#define HAVE_DLFCN_H 1
#define LT_OBJDIR ".libs/"

configure: exit 0
